GROUP,PACKAGE,CLASS,INSTRUCTION_MISSED,INSTRUCTION_COVERED,BRANCH_MISSED,BRANCH_COVERED,LINE_MISSED,LINE_COVERED,COMPLEXITY_MISSED,COMPLEXITY_COVERED,METHOD_MISSED,METHOD_COVERED
Testing,com.lowes.addition,Addition,19,0,0,0,6,0,3,0,3,0
Testing,com.lowes.services,RestService,39,0,0,0,6,0,2,0,2,0
Testing,com.lowes.testing,TestingApplication,5,3,0,0,2,1,1,1,1,1
Testing,com.lowes.controller,Controller,3,0,0,0,1,0,1,0,1,0
Testing,com.lowes.model,Student,116,0,14,0,40,0,19,0,12,0
Testing,com.lowes.model,Subject,94,0,10,0,31,0,17,0,12,0
